number,value,datetime_start,datetime_complete,duration,params_colsample_bytree,params_learning_rate,params_max_depth,params_min_child_weight,params_n_estimators,params_reg_alpha,params_reg_lambda,params_subsample,state
0,0.18349462113410148,2026-06-26 21:25:43.644245,2026-06-26 21:25:43.978549,0 days 00:00:00.334304,0.6803152337894836,0.00560660971840756,6,5,100,1.162377572482116e-06,3.9512799877174506e-06,0.8370526291794588,COMPLETE
1,0.05909612596958178,2026-06-26 21:25:43.985846,2026-06-26 21:25:52.666235,0 days 00:00:08.680389,0.7667565472139357,0.04052624891667751,9,4,1000,0.033700427227362384,1.2866648159767286e-06,0.9411288169988501,COMPLETE
2,0.2500712161845585,2026-06-26 21:25:52.682234,2026-06-26 21:25:53.652076,0 days 00:00:00.969842,0.5334851390289217,0.0023895013679985657,8,9,100,0.7104805439377635,1.3918434918146517e-07,0.7237749879045414,COMPLETE
3,0.06759277352776698,2026-06-26 21:25:53.652076,2026-06-26 21:26:01.028796,0 days 00:00:07.376720,0.7131106425793325,0.16301796744982927,8,10,650,9.507330833140624e-06,1.9175151372296966e-05,0.7551560568689406,COMPLETE
4,0.05666117973999742,2026-06-26 21:26:01.035686,2026-06-26 21:26:02.880676,0 days 00:00:01.844990,0.8305955813283772,0.09429302821204227,8,4,150,0.07053038704660011,3.549506648638988e-06,0.6331413183497495,COMPLETE
5,0.13299836750153432,2026-06-26 21:26:02.886710,2026-06-26 21:26:09.604138,0 days 00:00:06.717428,0.5951472099251502,0.0021031493992698814,9,4,500,1.2698637133494618e-08,2.7244118988095432e-08,0.6512016927326248,COMPLETE
6,0.057980318803192654,2026-06-26 21:26:09.611717,2026-06-26 21:26:12.953698,0 days 00:00:03.341981,0.8905310558419177,0.2687431894710613,9,2,700,7.570550840509123e-06,0.14693789186000036,0.9867784187639509,COMPLETE
7,0.05670256867188184,2026-06-26 21:26:12.960666,2026-06-26 21:26:20.496128,0 days 00:00:07.535462,0.8212264258637958,0.023391506288756986,9,2,550,1.2735486871349758e-07,2.1387662780269975e-07,0.9226488345344013,COMPLETE
8,0.05897145040749453,2026-06-26 21:26:20.503655,2026-06-26 21:26:30.153976,0 days 00:00:09.650321,0.6301329549438592,0.05707548387016754,9,6,750,9.731078209932251e-08,1.6043264398728157e-05,0.9084694384343333,COMPLETE
9,0.05555682713703973,2026-06-26 21:26:30.161004,2026-06-26 21:26:36.676641,0 days 00:00:06.515637,0.5456065147680579,0.009923955490292936,6,6,700,1.3805106959650298e-06,2.461546479177412e-08,0.9538847583167601,COMPLETE
10,0.06068228353829384,2026-06-26 21:26:36.683665,2026-06-26 21:26:42.597061,0 days 00:00:05.913396,0.9852266127681084,0.01087412903386953,3,8,1000,0.00039271814858790843,0.0034219179976337235,0.5117124194078987,COMPLETE
11,0.06071244701208315,2026-06-26 21:26:42.605358,2026-06-26 21:26:45.962161,0 days 00:00:03.356803,0.9995282038016076,0.09788877529475705,6,7,350,0.0010412041750596111,0.00036181988352393553,0.5692381865278727,COMPLETE
12,0.05720370171613526,2026-06-26 21:26:45.969908,2026-06-26 21:26:48.938363,0 days 00:00:02.968455,0.5356559695809099,0.016962934706611713,6,4,300,0.0013700506669539658,1.1308840181111246e-08,0.8063638148658654,COMPLETE
13,0.06787552408889844,2026-06-26 21:26:48.946830,2026-06-26 21:26:55.022592,0 days 00:00:06.075762,0.8794807854435727,0.00660051664907713,4,6,850,0.4759181348089329,0.00017694889415516242,0.6435635031800268,COMPLETE
14,0.21356638141996695,2026-06-26 21:26:55.031145,2026-06-26 21:26:58.380094,0 days 00:00:03.348949,0.7798864245436689,0.0011513887407006982,7,3,300,8.326824146756593e-05,6.743249445760651e-07,0.6587300033060828,COMPLETE
15,0.054158733774718734,2026-06-26 21:26:58.388298,2026-06-26 21:27:01.763795,0 days 00:00:03.375497,0.8966802129989716,0.04715556251284799,5,1,400,0.013223789267556574,5.899904238402937e-08,0.8288680743828617,COMPLETE
16,0.05402659625885643,2026-06-26 21:27:01.770851,2026-06-26 21:27:05.593609,0 days 00:00:03.822758,0.9289177005617646,0.031308416901189594,5,1,450,0.004591596297712032,7.150429909059153e-08,0.8314274581253996,COMPLETE
17,0.053503334501547005,2026-06-26 21:27:05.601664,2026-06-26 21:27:08.833905,0 days 00:00:03.232241,0.9232406209743296,0.031894597519312395,4,1,450,0.0070348849568311255,1.28275221843013e-07,0.8540677482894615,COMPLETE
18,0.05260935515473468,2026-06-26 21:27:08.840068,2026-06-26 21:27:11.786771,0 days 00:00:02.946703,0.917188323256261,0.023123322075271915,3,1,500,0.006422046955902439,0.565169907511806,0.8789821887690612,COMPLETE
19,0.05241527090363104,2026-06-26 21:27:11.793803,2026-06-26 21:27:15.263066,0 days 00:00:03.469263,0.9354012948446817,0.020029442794573363,3,2,600,0.00015577050663840664,0.34338567540748854,0.8774879422366489,COMPLETE
20,0.05381478195077403,2026-06-26 21:27:15.269261,2026-06-26 21:27:18.825427,0 days 00:00:03.556166,0.9506885552931458,0.015369289992401914,3,2,600,9.095307852786793e-05,0.8126422851603905,0.8947676377174751,COMPLETE
21,0.05359124106996286,2026-06-26 21:27:18.832926,2026-06-26 21:27:22.389457,0 days 00:00:03.556531,0.9403839865589033,0.024080214693313933,4,1,500,0.00013598688066257606,0.022695972714298324,0.8697886553050499,COMPLETE
22,0.05879280829878034,2026-06-26 21:27:22.397861,2026-06-26 21:27:27.968458,0 days 00:00:05.570597,0.8517309889475074,0.07760230483798816,4,3,800,0.006545812089489772,0.8219148190884054,0.7754071317264022,COMPLETE
23,0.11846822865615292,2026-06-26 21:27:27.976499,2026-06-26 21:27:29.488340,0 days 00:00:01.511841,0.9578526595259259,0.005778096819807181,3,2,250,0.12044686360827452,0.03295858533106182,0.8661614068381843,COMPLETE
24,0.05242011293940172,2026-06-26 21:27:29.495406,2026-06-26 21:27:33.657219,0 days 00:00:04.161813,0.9092441475035004,0.015693176267835486,4,1,600,0.0008746908052396938,0.0026141827856161234,0.7822407757766587,COMPLETE
25,0.05703914164694722,2026-06-26 21:27:33.666108,2026-06-26 21:27:37.140951,0 days 00:00:03.474843,0.7947361604776649,0.012868720709012878,3,3,600,1.5086747669412497e-05,0.0037879753795507652,0.7140233007160817,COMPLETE
26,0.06520737907925009,2026-06-26 21:27:37.149517,2026-06-26 21:27:42.081989,0 days 00:00:04.932472,0.8749576865012335,0.003762380324711434,5,2,600,0.0012118806259882144,0.11068929137846496,0.784022123794139,COMPLETE
27,0.05112266112381967,2026-06-26 21:27:42.089287,2026-06-26 21:27:47.635480,0 days 00:00:05.546193,0.9121416654438688,0.008673036937609218,4,1,800,3.254197575969676e-05,0.002912764105213023,0.9950311341110949,COMPLETE
28,0.053772376870789305,2026-06-26 21:27:47.643524,2026-06-26 21:27:53.474607,0 days 00:00:05.831083,0.976312516318182,0.009568216623226851,4,3,850,3.126019623217349e-05,0.001083494825680951,0.9735053230611455,COMPLETE
29,0.05463829215536435,2026-06-26 21:27:53.482086,2026-06-26 21:28:01.248188,0 days 00:00:07.766102,0.741300707658603,0.0031399977801021407,5,2,950,3.0402606592962744e-06,0.01298597878862798,0.9961441900780608,COMPLETE
30,0.05611165190270971,2026-06-26 21:28:01.255338,2026-06-26 21:28:07.416417,0 days 00:00:06.161079,0.8474390445680058,0.008359908324008673,4,5,900,0.0005074837932333103,0.00011245482453757463,0.7160511756065313,COMPLETE
31,0.052295503637856754,2026-06-26 21:28:07.426991,2026-06-26 21:28:11.467806,0 days 00:00:04.040815,0.9102854317596334,0.019854381643104612,3,1,700,0.00041243002375394573,0.1876051034527937,0.8860719756643763,COMPLETE
32,0.052232755438232234,2026-06-26 21:28:11.475541,2026-06-26 21:28:15.755310,0 days 00:00:04.279769,0.9044881413371146,0.017850743326077667,3,1,750,0.0003189101122469398,0.07944645257886537,0.9426742629816112,COMPLETE
33,0.06689104999814457,2026-06-26 21:28:15.762662,2026-06-26 21:28:20.099617,0 days 00:00:04.336955,0.8585332642822889,0.004464502222705047,3,1,750,4.461345620336528e-05,0.13649578393748443,0.9446511354681628,COMPLETE
34,0.05730347012237015,2026-06-26 21:28:20.107069,2026-06-26 21:28:24.147348,0 days 00:00:04.040279,0.9639090790266995,0.007193406024674444,3,2,700,0.00019358090577957935,0.05790056584415584,0.9309423606071926,COMPLETE
35,0.054784618086312374,2026-06-26 21:28:24.154650,2026-06-26 21:28:28.746828,0 days 00:00:04.592178,0.8189331665215034,0.019992764420477833,3,3,800,1.7978918065020733e-05,0.2950567457542874,0.9650052171609934,COMPLETE
36,0.054601695947603744,2026-06-26 21:28:28.754431,2026-06-26 21:28:34.172134,0 days 00:00:05.417703,0.9036853859923532,0.03348131270187685,5,1,650,0.0002860866095832423,0.009751819718091312,0.9028729989663846,COMPLETE
37,0.052206043860339765,2026-06-26 21:28:34.178620,2026-06-26 21:28:39.742701,0 days 00:00:05.564081,0.8741132725537294,0.012908259688943283,4,2,800,4.381264716474706e-06,0.05413163807626667,0.9957325712725271,COMPLETE
38,0.056095832940569655,2026-06-26 21:28:39.750160,2026-06-26 21:28:46.244742,0 days 00:00:06.494582,0.8112576727427385,0.01241924248749219,4,10,950,3.6576760824631377e-07,0.00810837117361339,0.9997363052386862,COMPLETE
39,0.09072412717098347,2026-06-26 21:28:46.254473,2026-06-26 21:28:51.841911,0 days 00:00:05.587438,0.7555505786863553,0.0020783861566281343,4,3,800,4.370749631162068e-06,0.0632463921966927,0.9325368155791554,COMPLETE
40,0.05413116337808786,2026-06-26 21:28:51.849673,2026-06-26 21:29:02.785901,0 days 00:00:10.936228,0.678687178541999,0.004968834588609725,10,2,750,2.5134143689078105e-06,0.000913739066305314,0.9660298669643252,COMPLETE
41,0.0544458234673166,2026-06-26 21:29:02.793174,2026-06-26 21:29:06.604179,0 days 00:00:03.811005,0.8714968999966363,0.043400988394179364,3,2,650,4.62226923993775e-05,0.19384530210917744,0.911046493420656,COMPLETE
42,0.05257349895868668,2026-06-26 21:29:06.611700,2026-06-26 21:29:11.552349,0 days 00:00:04.940649,0.9411536217276865,0.019061064622134576,3,1,850,5.092379099169553e-07,0.2929862417132709,0.9465864608557826,COMPLETE
43,0.053988317018374324,2026-06-26 21:29:11.558676,2026-06-26 21:29:16.749436,0 days 00:00:05.190760,0.8411940968833356,0.02516545003393513,4,2,750,1.4833936721921115e-05,0.05045814371465666,0.9772390022813016,COMPLETE
44,0.057871603969681974,2026-06-26 21:29:16.756969,2026-06-26 21:29:20.851850,0 days 00:00:04.094881,0.8903691706874641,0.06384823532373984,3,4,700,7.0378542750627e-06,0.019616897043021667,0.8904961134595126,COMPLETE
45,0.053331118220102544,2026-06-26 21:29:20.858893,2026-06-26 21:29:28.248583,0 days 00:00:07.389690,0.9879285920170487,0.013200343147161989,5,1,900,0.0031071681757261138,0.0858723411938567,0.8532139848174394,COMPLETE
46,0.06135418140460762,2026-06-26 21:29:28.255622,2026-06-26 21:29:32.103679,0 days 00:00:03.848057,0.9177775222737574,0.00846373377014953,4,9,550,0.0005052993331842137,0.32284986949319244,0.9236095784256491,COMPLETE
47,0.0579934399035731,2026-06-26 21:29:32.111920,2026-06-26 21:29:35.878329,0 days 00:00:03.766409,0.8686872558626075,0.011609318152845336,3,4,650,1.4871410885351341e-08,0.004949763636600371,0.9542566832916685,COMPLETE
48,0.060626844098959035,2026-06-26 21:29:35.885836,2026-06-26 21:29:40.785108,0 days 00:00:04.899272,0.9698118350562025,0.20504026776385734,4,2,700,0.0022677300067181307,0.0013923013173922714,0.8096585112592761,COMPLETE
49,0.05981513143285422,2026-06-26 21:29:40.793798,2026-06-26 21:29:45.419509,0 days 00:00:04.625711,0.8925703209199563,0.11871133657984763,3,3,800,1.08148604755984e-06,5.705643209705778e-05,0.9813979432122615,COMPLETE
50,0.055888532426033435,2026-06-27 21:13:22.762057,2026-06-27 21:13:24.443270,0 days 00:00:01.681213,0.8267238576267624,0.036671481478554646,7,1,850,8.458830707944859e-05,0.03515170124511494,0.9142373351433798,COMPLETE
51,0.05298101665700809,2026-06-27 21:13:24.449807,2026-06-27 21:13:25.198959,0 days 00:00:00.749152,0.9093154919964249,0.015019644546699256,4,1,550,0.0006719712627789919,0.0024597405329745566,0.6711771650899847,COMPLETE
52,0.054065535927627216,2026-06-27 21:13:25.205644,2026-06-27 21:13:26.129452,0 days 00:00:00.923808,0.9367301299107841,0.01830576095884887,5,1,600,0.00022632735508264064,0.42805711227347554,0.6856583898820773,COMPLETE
53,0.055014437501910686,2026-06-27 21:13:26.133454,2026-06-27 21:13:26.937338,0 days 00:00:00.803884,0.9065239917076263,0.026525851601119543,4,2,650,0.0018409310836552135,0.000496839262210255,0.8094032648017214,COMPLETE
54,0.052752216831694065,2026-06-27 21:13:26.943346,2026-06-27 21:13:27.698541,0 days 00:00:00.755195,0.8834149978586556,0.015671746294130127,3,1,750,3.645543473755954e-05,0.016194981803510377,0.7383981738333718,COMPLETE
55,0.052115454131358055,2026-06-27 21:13:27.704593,2026-06-27 21:13:28.500679,0 days 00:00:00.796086,0.9293321825720552,0.010044999414098175,4,2,700,0.01572951030975905,0.9959623892758083,0.8804099101647883,COMPLETE
56,0.05145799761597236,2026-06-27 21:13:28.507183,2026-06-27 21:13:29.394474,0 days 00:00:00.887291,0.9543024391749136,0.007478368067077262,5,2,700,0.02757511138478144,0.8749681276916714,0.8844122145963212,COMPLETE
57,0.05478350932077265,2026-06-27 21:13:29.400791,2026-06-27 21:13:30.415114,0 days 00:00:01.014323,0.9548688375114573,0.006313409493574046,6,3,700,0.06742156637761154,0.9163127068366522,0.8406057139744685,COMPLETE
58,0.051493247511114705,2026-06-27 21:13:30.422624,2026-06-27 21:13:31.584822,0 days 00:00:01.162198,0.9250687460970042,0.007669522285369477,5,2,800,0.021265240699634036,0.15414086227771587,0.8889307711892404,COMPLETE
59,0.054013874885729306,2026-06-27 21:13:31.589333,2026-06-27 21:13:32.749324,0 days 00:00:01.159991,0.9867241362336987,0.008320292033538205,5,2,900,0.026803712247027673,0.11467851732876551,0.5944798644837496,COMPLETE
60,0.10557966404305534,2026-06-27 21:13:32.753442,2026-06-27 21:13:33.801737,0 days 00:00:01.048295,0.5009552376252923,0.002666391409347703,6,3,800,0.8957656555975654,6.730609190509512e-06,0.960898907375531,COMPLETE
61,0.05295990628404122,2026-06-27 21:13:33.809246,2026-06-27 21:13:34.804361,0 days 00:00:00.995115,0.9343058464293308,0.00982714462476024,5,2,750,0.20238494248263086,0.19664088165549168,0.8878372906076603,COMPLETE
62,0.05180737780271875,2026-06-27 21:13:34.811372,2026-06-27 21:13:36.282751,0 days 00:00:01.471379,0.9235648414685368,0.007171971139144341,6,1,850,0.022164788611563884,0.5282834341187486,0.8675523491982624,COMPLETE
63,0.05190499787125828,2026-06-27 21:13:36.289263,2026-06-27 21:13:37.884772,0 days 00:00:01.595509,0.9509868844628905,0.0070701477249298286,6,2,950,0.025772921810113033,0.5366385012412738,0.8634778617640636,COMPLETE
64,0.05250351483718156,2026-06-27 21:13:37.891281,2026-06-27 21:13:39.817477,0 days 00:00:01.926196,0.9616579251615869,0.005106778683090725,7,2,1000,0.020640647499363816,0.5694395316280132,0.8530247872522763,COMPLETE
65,0.05470030126779436,2026-06-27 21:13:39.823486,2026-06-27 21:13:41.379400,0 days 00:00:01.555914,0.9289168728438356,0.004057502413106564,6,2,950,0.055600929494631184,0.9742301980067003,0.8277271838721671,COMPLETE
66,0.057950320242288,2026-06-27 21:13:41.385404,2026-06-27 21:13:42.591318,0 days 00:00:01.205914,0.9992604815730224,0.007133219468719586,6,4,850,0.2906092823900975,0.5087512803092054,0.8679168623064442,COMPLETE
67,0.05336391039789494,2026-06-27 21:13:42.594821,2026-06-27 21:13:43.979331,0 days 00:00:01.384510,0.9521325126783937,0.005613676267534844,6,3,900,0.014613367839923334,0.2301375507041578,0.8392775122662929,COMPLETE
68,0.05419441213667172,2026-06-27 21:13:43.985334,2026-06-27 21:13:45.681328,0 days 00:00:01.695994,0.9752038575801003,0.0033853803032038296,7,2,950,0.042443070919401915,0.02969468475051807,0.9018770373381328,COMPLETE
69,0.05332547205570805,2026-06-27 21:13:45.689339,2026-06-27 21:13:46.969342,0 days 00:00:01.280003,0.8599872480533408,0.010757202309323297,6,2,800,0.17718652242930844,0.49460661394105154,0.7939577386120513,COMPLETE
70,0.05148758613231443,2026-06-27 21:13:46.974895,2026-06-27 21:13:48.265392,0 days 00:00:01.290497,0.9232206967851718,0.007819893552780847,5,1,850,0.01018990732082726,0.12981620088772325,0.8650568471776225,COMPLETE
71,0.05163502902333657,2026-06-27 21:13:48.270637,2026-06-27 21:13:49.550739,0 days 00:00:01.280102,0.9225848410451786,0.007495056933684396,5,1,900,0.009731182783720368,0.13180568820207272,0.8693480941423662,COMPLETE
72,0.05164824674661219,2026-06-27 21:13:49.559253,2026-06-27 21:13:50.779179,0 days 00:00:01.219926,0.9237515501313528,0.00726471506760427,5,1,900,0.009986149226177361,0.12993560937647405,0.8216162343632231,COMPLETE
73,0.052469950793203955,2026-06-27 21:13:50.784683,2026-06-27 21:13:52.256874,0 days 00:00:01.472191,0.9223574917560181,0.008401484001651912,5,1,1000,0.007977884274860417,0.119775335012463,0.759930439593854,COMPLETE
74,0.05235933093323275,2026-06-27 21:13:52.261701,2026-06-27 21:13:53.504958,0 days 00:00:01.243257,0.9494839750781763,0.006054835204593632,5,1,900,0.09297673852562223,0.11855956392800357,0.8218311905267635,COMPLETE
75,0.05189870365759815,2026-06-27 21:13:53.510476,2026-06-27 21:13:54.714515,0 days 00:00:01.204039,0.8939063764071347,0.007519898223336951,5,1,850,0.00403759340448318,9.204664173441347e-07,0.8599173057806624,COMPLETE
76,0.05263646385806982,2026-06-27 21:13:54.721025,2026-06-27 21:13:55.920884,0 days 00:00:01.199859,0.8886642661208024,0.004500487114956074,5,1,850,0.004169163092883673,1.426424613183341e-06,0.8465744840556942,COMPLETE
77,0.051048774796106956,2026-06-27 21:13:55.924886,2026-06-27 21:13:57.179161,0 days 00:00:01.254275,0.5991229515793086,0.007689572435871971,5,1,850,0.007893139740978584,6.145218818309377e-07,0.8211618349016855,COMPLETE
78,0.05103833345384989,2026-06-27 21:13:57.185164,2026-06-27 21:13:58.462957,0 days 00:00:01.277793,0.6259283449680134,0.0052914759765881995,5,1,900,0.0083232877373936,2.6810245953379815e-07,0.8203566979226464,COMPLETE
79,0.05154626532137367,2026-06-27 21:13:58.468466,2026-06-27 21:13:59.773005,0 days 00:00:01.304539,0.5675103552723877,0.005003950990407123,5,1,900,0.010217683502828612,2.9082491762370345e-07,0.7643352615522911,COMPLETE
80,0.07383328799960198,2026-06-27 21:13:59.779015,2026-06-27 21:14:01.074520,0 days 00:00:01.295505,0.5924538439163465,0.002018456592066568,5,1,1000,0.03901879604926303,2.8730978433179594e-07,0.7706315301540239,COMPLETE
81,0.051185111538474326,2026-06-27 21:14:01.082763,2026-06-27 21:14:02.401181,0 days 00:00:01.318418,0.5645301754958238,0.005416723122162133,5,1,900,0.008098995620922658,3.5862614825662703e-07,0.738077527478877,COMPLETE
82,0.05130743754794063,2026-06-27 21:14:02.407187,2026-06-27 21:14:03.657073,0 days 00:00:01.249886,0.5704448530566183,0.004964049602371473,5,1,900,0.006369766003243318,3.7348840824284666e-07,0.7369333149269657,COMPLETE
83,0.18976214539794545,2026-06-27 21:14:03.663082,2026-06-27 21:14:03.851082,0 days 00:00:00.188000,0.5808313416470721,0.004854724427982589,5,1,100,0.005398969889579807,2.136584769976115e-07,0.7422606466428863,COMPLETE
84,0.05307916052579359,2026-06-27 21:14:03.857088,2026-06-27 21:14:05.273151,0 days 00:00:01.416063,0.5627709866088602,0.0037795394932634806,5,1,950,0.002451427661216942,4.729122423137572e-08,0.703176683327704,COMPLETE
85,0.06602734615670222,2026-06-27 21:14:05.279163,2026-06-27 21:14:06.518999,0 days 00:00:01.239836,0.6211252721702045,0.002557823173505186,5,1,850,0.0012931867483185154,5.415371199847293e-07,0.7941626346305334,COMPLETE
86,0.06241122101432968,2026-06-27 21:14:06.525002,2026-06-27 21:14:07.601123,0 days 00:00:01.076121,0.6535376864674832,0.0055797320041192375,5,7,800,0.011617248674066136,1.2080649874908294e-07,0.7330724213409694,COMPLETE
87,0.0774956514026166,2026-06-27 21:14:07.607188,2026-06-27 21:14:08.862961,0 days 00:00:01.255773,0.5570390879997758,0.003411615684208175,5,1,900,0.4253547347062263,3.320038450304778e-06,0.7532652907648073,COMPLETE
88,0.05581996554658988,2026-06-27 21:14:08.868970,2026-06-27 21:14:10.292487,0 days 00:00:01.423517,0.5264109945093857,0.004295659798878698,6,1,950,0.09757264484052974,4.586178903050294e-07,0.7031066533046073,COMPLETE
89,0.052630415646862536,2026-06-27 21:14:10.298996,2026-06-27 21:14:11.502001,0 days 00:00:01.203005,0.6294508562928918,0.009066595638381145,5,2,850,0.006210755955333366,2.460920649841981e-06,0.7611504677212466,COMPLETE
90,0.05501249348309467,2026-06-27 21:14:11.507004,2026-06-27 21:14:12.496820,0 days 00:00:00.989816,0.6144188420003305,0.005294814172711924,4,1,800,0.046949542267233524,8.676704451837977e-08,0.7951058714272505,COMPLETE
91,0.05104409243602043,2026-06-27 21:14:12.504830,2026-06-27 21:14:13.731008,0 days 00:00:01.226178,0.564491638407197,0.005989401305353335,5,1,900,0.009768089529509968,2.74493227287424e-07,0.7243018118386736,COMPLETE
92,0.05109287068907592,2026-06-27 21:14:13.737012,2026-06-27 21:14:15.112862,0 days 00:00:01.375850,0.5822569154772985,0.006123094215627895,5,1,900,0.01436553766717217,1.4402931010808067e-08,0.7190671468108815,COMPLETE
93,0.05125494947650291,2026-06-27 21:14:15.118428,2026-06-27 21:14:16.720680,0 days 00:00:01.602252,0.5407282955153818,0.0061194183499762855,5,1,950,0.003279488857845097,2.3185714054335858e-08,0.6875632258492527,COMPLETE
94,0.051294030508753086,2026-06-27 21:14:16.727690,2026-06-27 21:14:18.686593,0 days 00:00:01.958903,0.5341792685910443,0.006080100339707765,5,1,950,0.0031414226025095813,1.0387605977322854e-08,0.6800343268147524,COMPLETE
95,0.05186967989361587,2026-06-27 21:14:18.690601,2026-06-27 21:14:20.144964,0 days 00:00:01.454363,0.5373218579058496,0.0062807709287162885,4,1,1000,0.003077514311701498,1.243825074664396e-08,0.6714390936841896,COMPLETE
96,0.057559170801453265,2026-06-27 21:14:20.149014,2026-06-27 21:14:21.755526,0 days 00:00:01.606512,0.5217295597515962,0.003086199403734146,5,1,950,0.0007931208213018858,3.365960969508382e-08,0.6429346575398858,COMPLETE
97,0.051260711447350414,2026-06-27 21:14:21.763832,2026-06-27 21:14:23.514880,0 days 00:00:01.751048,0.6024820946483208,0.006417369058185091,5,1,950,0.002124530202797889,2.5230708235064602e-08,0.7183735020512699,COMPLETE
