number,value,datetime_start,datetime_complete,duration,params_bagging_temperature,params_border_count,params_depth,params_iterations,params_l2_leaf_reg,params_learning_rate,state
0,0.05556751787186918,2026-06-26 21:29:46.742832,2026-06-26 21:29:51.489944,0 days 00:00:04.747112,0.4284794444161504,106,8,950,3.441343163509712,0.00994274867433998,COMPLETE
1,0.05308277208436677,2026-06-26 21:29:51.499155,2026-06-26 21:29:52.309551,0 days 00:00:00.810396,0.6715159042998168,216,4,850,0.010015182311808745,0.04295576816304506,COMPLETE
2,0.054230163586875046,2026-06-26 21:29:52.316679,2026-06-26 21:29:55.467583,0 days 00:00:03.150904,0.9283794550791624,180,9,850,0.005353028242546796,0.01888274713665137,COMPLETE
3,0.05307059923646527,2026-06-26 21:29:55.475227,2026-06-26 21:29:56.405189,0 days 00:00:00.929962,0.8340577578132148,187,5,600,2.7048034061151984,0.06940173859517848,COMPLETE
4,0.15535120620170492,2026-06-26 21:29:56.413696,2026-06-26 21:29:58.813964,0 days 00:00:02.400268,0.8462199468626855,131,8,450,0.02273508183667739,0.0017875934113897132,COMPLETE
5,0.09318647979231448,2026-06-26 21:29:58.822116,2026-06-26 21:29:59.931716,0 days 00:00:01.109600,0.3199315874414095,83,7,250,0.011065771341749561,0.006798175501790099,COMPLETE
6,0.05341688638978024,2026-06-26 21:29:59.941082,2026-06-26 21:30:00.839589,0 days 00:00:00.898507,0.35256945081121605,84,8,500,0.009048729143393209,0.0906898317703093,COMPLETE
7,0.05201615270851305,2026-06-26 21:30:00.847007,2026-06-26 21:30:01.436528,0 days 00:00:00.589521,0.9468565549612076,152,6,150,0.04085243609518967,0.07433968781603653,COMPLETE
8,0.2403994626469624,2026-06-26 21:30:01.446026,2026-06-26 21:30:01.953014,0 days 00:00:00.506988,0.0004111309028382859,107,5,150,0.9665094377757664,0.0018892473767337643,COMPLETE
9,0.11625216697074751,2026-06-26 21:30:01.960489,2026-06-26 21:30:05.802317,0 days 00:00:03.841828,0.36803033290638265,223,8,750,0.00595668514936357,0.0016543436910024807,COMPLETE
10,0.059530604776523964,2026-06-26 21:30:05.810089,2026-06-26 21:30:06.794395,0 days 00:00:00.984306,0.0317039758896539,35,10,350,0.1403881495621796,0.2930560586564594,COMPLETE
11,0.05412549226717965,2026-06-26 21:30:06.800566,2026-06-26 21:30:07.843666,0 days 00:00:01.043100,0.7874316450551913,168,6,600,9.529783546907518,0.1098614669974091,COMPLETE
12,0.059639997219227234,2026-06-26 21:30:07.851789,2026-06-26 21:30:08.253740,0 days 00:00:00.401951,0.9951214174487487,183,5,100,0.15576609566190366,0.04816981347516509,COMPLETE
13,0.054180267114531666,2026-06-26 21:30:08.260767,2026-06-26 21:30:08.723202,0 days 00:00:00.462435,0.6999345776268446,150,6,600,0.0015568027565033154,0.21327504223368837,COMPLETE
14,0.053647359569860456,2026-06-26 21:30:08.729622,2026-06-26 21:30:09.454613,0 days 00:00:00.724991,0.575529260097638,199,4,300,0.29196089660048924,0.03177923122375531,COMPLETE
15,0.05233962193671275,2026-06-26 21:30:09.461385,2026-06-26 21:30:10.154640,0 days 00:00:00.693255,0.8801844197987689,242,6,650,0.054403197622153454,0.10857478650707982,COMPLETE
16,0.05245295526443614,2026-06-26 21:30:10.161490,2026-06-26 21:30:10.667579,0 days 00:00:00.506089,0.997284674208698,245,6,1000,0.041957368166117365,0.15491413122478756,COMPLETE
17,0.052305336036448394,2026-06-26 21:30:10.675219,2026-06-26 21:30:13.022132,0 days 00:00:02.346913,0.5759489087624268,251,7,700,0.061836473622379505,0.013125792238474512,COMPLETE
18,0.08976157585670438,2026-06-26 21:30:13.028968,2026-06-26 21:30:14.711082,0 days 00:00:01.682114,0.2006858242213408,48,7,400,0.34799550658420253,0.004738379357462144,COMPLETE
19,0.057496306915429486,2026-06-26 21:30:14.718463,2026-06-26 21:30:15.823791,0 days 00:00:01.105328,0.5854338792896858,159,7,250,0.0016874231028424743,0.01579283473559579,COMPLETE
20,0.07235483377346807,2026-06-26 21:30:15.830628,2026-06-26 21:30:23.042508,0 days 00:00:07.211880,0.5038581302302033,139,10,700,0.0632534621534499,0.0033627124456371933,COMPLETE
21,0.05202326167541475,2026-06-26 21:30:23.049168,2026-06-26 21:30:24.555695,0 days 00:00:01.506527,0.740595442939385,251,6,750,0.05007443454448486,0.023276665892241838,COMPLETE
22,0.052718230644199435,2026-06-26 21:30:24.563122,2026-06-26 21:30:26.512691,0 days 00:00:01.949569,0.7436096956549673,253,7,850,0.018520955388639994,0.01687670717849123,COMPLETE
23,0.0529701010508587,2026-06-26 21:30:26.518579,2026-06-26 21:30:27.677127,0 days 00:00:01.158548,0.624916157496151,220,5,750,0.13725340097875324,0.02532261006212384,COMPLETE
24,0.05401562594271814,2026-06-26 21:30:27.684513,2026-06-26 21:30:29.232944,0 days 00:00:01.548431,0.49563222304207966,232,6,500,0.03677416341168854,0.011909883007404252,COMPLETE
25,0.051871587509227615,2026-06-26 21:30:29.239414,2026-06-26 21:30:30.255967,0 days 00:00:01.016553,0.7638245784342865,204,7,900,0.46319523275325347,0.058916194678421865,COMPLETE
26,0.05513847262304614,2026-06-26 21:30:30.262714,2026-06-26 21:30:31.976194,0 days 00:00:01.713480,0.7773286005862892,203,9,950,0.8888910201251973,0.06089495706224761,COMPLETE
27,0.05196447629435054,2026-06-26 21:30:31.983150,2026-06-26 21:30:33.411172,0 days 00:00:01.428022,0.9221047877322384,211,6,900,0.5676168156340147,0.03227082649042857,COMPLETE
28,0.0524795442429421,2026-06-26 21:30:33.417307,2026-06-26 21:30:34.402502,0 days 00:00:00.985195,0.928247726765438,201,5,900,0.8472953402518449,0.03985562105122391,COMPLETE
29,0.0552704556334512,2026-06-26 21:30:34.410069,2026-06-26 21:30:35.550861,0 days 00:00:01.140792,0.8900118943284276,124,8,1000,2.318042897869612,0.14736241539000772,COMPLETE
30,0.05293929850005465,2026-06-26 21:30:35.557119,2026-06-26 21:30:38.815934,0 days 00:00:03.258815,0.8183689782941954,173,7,900,0.42867919853918174,0.00860613071185841,COMPLETE
31,0.05226189889770966,2026-06-26 21:30:38.822904,2026-06-26 21:30:40.120634,0 days 00:00:01.297730,0.7249325530040653,233,6,800,0.1861853399072786,0.026550977946693925,COMPLETE
32,0.054424310620786544,2026-06-26 21:30:40.127892,2026-06-26 21:30:41.445565,0 days 00:00:01.317673,0.941767352077757,212,6,900,7.462835894310423,0.06922620476394188,COMPLETE
33,0.052684304914339994,2026-06-26 21:30:41.452209,2026-06-26 21:30:42.457205,0 days 00:00:01.004996,0.6456411200512163,192,4,950,1.3160886022379696,0.04081515351597292,COMPLETE
34,0.052778563055338915,2026-06-26 21:30:42.464521,2026-06-26 21:30:44.310124,0 days 00:00:01.845603,0.7660695460962552,212,7,850,0.512846103464634,0.020673405646392872,COMPLETE
35,0.05223202115031006,2026-06-26 21:30:44.316745,2026-06-26 21:30:45.176006,0 days 00:00:00.859261,0.8460661071148748,234,6,800,0.08305023054200293,0.05762835488332501,COMPLETE
36,0.053670019694998496,2026-06-26 21:30:45.183441,2026-06-26 21:30:46.718856,0 days 00:00:01.535415,0.9312083164619761,151,5,1000,4.782611953570277,0.03446903028558813,COMPLETE
37,0.054970080572822766,2026-06-26 21:30:46.725454,2026-06-26 21:30:50.030503,0 days 00:00:03.305049,0.6756127318814847,116,9,800,1.7400708699224658,0.025271185672964613,COMPLETE
38,0.05145126173684226,2026-06-26 21:30:50.038044,2026-06-26 21:30:50.766886,0 days 00:00:00.728842,0.8945884727258934,183,7,200,0.01861066569916869,0.08506658058932534,COMPLETE
39,0.053997497583342643,2026-06-26 21:30:50.774324,2026-06-26 21:30:51.611589,0 days 00:00:00.837265,0.8754418612231232,172,8,150,0.0027750261196000216,0.08749318881010709,COMPLETE
40,0.052138575941485465,2026-06-26 21:30:51.618102,2026-06-26 21:30:52.207291,0 days 00:00:00.589189,0.9687903755193268,189,7,150,0.01969763002066914,0.15068684355175824,COMPLETE
41,0.051707973468314725,2026-06-26 21:30:52.214337,2026-06-26 21:30:52.963096,0 days 00:00:00.748759,0.8196884395168861,211,6,200,0.010390193698912248,0.04918813064915259,COMPLETE
42,0.05178452840238731,2026-06-26 21:30:52.969003,2026-06-26 21:30:53.702026,0 days 00:00:00.733023,0.8235561766435606,179,7,200,0.0038400995875066306,0.0830923871410724,COMPLETE
43,0.05415268315674261,2026-06-26 21:30:53.708281,2026-06-26 21:30:54.868022,0 days 00:00:01.159741,0.8228363748293134,210,8,250,0.006933172575823283,0.05264846074491631,COMPLETE
44,0.05228156743103405,2026-06-26 21:30:54.875663,2026-06-26 21:30:55.691001,0 days 00:00:00.815338,0.8105963763157394,181,7,200,0.0037614520882570195,0.078583522557011,COMPLETE
45,0.05250563834704021,2026-06-26 21:30:55.697851,2026-06-26 21:30:56.393851,0 days 00:00:00.696000,0.9166815730947808,164,7,350,0.01389281958319616,0.11495747224291854,COMPLETE
46,0.056522590186544076,2026-06-26 21:30:56.400382,2026-06-26 21:30:57.086733,0 days 00:00:00.686351,0.8691015271597032,223,8,100,0.0033295505123662117,0.04790615808279981,COMPLETE
47,0.05383826047822834,2026-06-26 21:30:57.093288,2026-06-26 21:30:57.547045,0 days 00:00:00.453757,0.6962329268807659,194,6,200,0.008551160233536859,0.2267455829749685,COMPLETE
48,0.05243881352115833,2026-06-26 21:30:57.554433,2026-06-26 21:30:58.942183,0 days 00:00:01.387750,0.7873361195860288,182,7,500,0.004262294521718535,0.032127815986603504,COMPLETE
49,0.05355972515676057,2026-06-26 21:30:58.948708,2026-06-26 21:31:00.051983,0 days 00:00:01.103275,0.8976013470500148,201,9,300,0.0011674266654212626,0.10833088097473262,COMPLETE
50,0.05272417557084961,2026-06-27 21:14:27.401903,2026-06-27 21:14:27.916882,0 days 00:00:00.514979,0.8367959296153392,142,5,400,0.0025498945398772,0.06789267640826287,COMPLETE
51,0.0519903584197988,2026-06-27 21:14:27.923944,2026-06-27 21:14:28.296661,0 days 00:00:00.372717,0.9769201954398302,156,6,200,0.012498511849280629,0.08198421958877604,COMPLETE
52,0.05168501793770884,2026-06-27 21:14:28.296661,2026-06-27 21:14:28.646761,0 days 00:00:00.350100,0.9811120763118301,171,6,200,0.012643007256182743,0.0909541404431673,COMPLETE
53,0.051677900816789114,2026-06-27 21:14:28.654753,2026-06-27 21:14:28.968423,0 days 00:00:00.313670,0.9575668869730452,173,7,300,0.005678495027559923,0.1989613498923662,COMPLETE
54,0.050696418806372635,2026-06-27 21:14:28.976955,2026-06-27 21:14:29.282478,0 days 00:00:00.305523,0.9630520182589838,172,7,300,0.0258229007241091,0.20241555315335,COMPLETE
55,0.055722624990080113,2026-06-27 21:14:29.286541,2026-06-27 21:14:29.628161,0 days 00:00:00.341620,0.9631982905771512,171,8,300,0.02517334965100978,0.29185150095352574,COMPLETE
56,0.05145176847497851,2026-06-27 21:14:29.628161,2026-06-27 21:14:29.906905,0 days 00:00:00.278744,0.9979154447735543,179,7,250,0.030201684867985426,0.19103960769111988,COMPLETE
57,0.0514862033136928,2026-06-27 21:14:29.916910,2026-06-27 21:14:30.216749,0 days 00:00:00.299839,0.9819204115359221,165,7,250,0.02756460399027656,0.21271823376440901,COMPLETE
58,0.05111212903056252,2026-06-27 21:14:30.216749,2026-06-27 21:14:30.506452,0 days 00:00:00.289703,0.9984095982893886,144,7,350,0.028053231319782462,0.2040495062275805,COMPLETE
59,0.055310074515481054,2026-06-27 21:14:30.516938,2026-06-27 21:14:30.866651,0 days 00:00:00.349713,0.9577686675936299,142,8,350,0.02933924623890011,0.19916047019013233,COMPLETE
60,0.052691021204826397,2026-06-27 21:14:30.866651,2026-06-27 21:14:31.216681,0 days 00:00:00.350030,0.9959834518677132,132,7,400,0.10650360614148972,0.18141917378524536,COMPLETE
61,0.05107285564013294,2026-06-27 21:14:31.216681,2026-06-27 21:14:31.506851,0 days 00:00:00.290170,0.9018119324395566,161,7,300,0.014907030489248962,0.24498846256842902,COMPLETE
62,0.05139335987560757,2026-06-27 21:14:31.506851,2026-06-27 21:14:31.776738,0 days 00:00:00.269887,0.9079250611226952,158,7,250,0.03130591207762974,0.26850190933395884,COMPLETE
63,0.0527676859991054,2026-06-27 21:14:31.786690,2026-06-27 21:14:32.116491,0 days 00:00:00.329801,0.8914140935206206,158,7,250,0.03275871816391133,0.2604926522782913,COMPLETE
64,0.05190413308927584,2026-06-27 21:14:32.126577,2026-06-27 21:14:32.504593,0 days 00:00:00.378016,0.9111243055560682,162,7,300,0.01688392550371518,0.1348297050925818,COMPLETE
65,0.05135953365493394,2026-06-27 21:14:32.506595,2026-06-27 21:14:32.798637,0 days 00:00:00.292042,0.19423282425148014,147,7,350,0.0459319699819629,0.25920011544281063,COMPLETE
66,0.05513216992007919,2026-06-27 21:14:32.798637,2026-06-27 21:14:33.156788,0 days 00:00:00.358151,0.24261305403572236,90,8,450,0.044841487141776555,0.24441147883082578,COMPLETE
67,0.052954436030605144,2026-06-27 21:14:33.156788,2026-06-27 21:14:33.500971,0 days 00:00:00.344183,0.09952991450679938,147,7,350,0.08635555183467221,0.1731978933067895,COMPLETE
68,0.056919191387565696,2026-06-27 21:14:33.506899,2026-06-27 21:14:33.856683,0 days 00:00:00.349784,0.38104083881024864,134,8,450,0.021390276403019277,0.2990020534761431,COMPLETE
69,0.05262141016019396,2026-06-27 21:14:33.864646,2026-06-27 21:14:34.336751,0 days 00:00:00.472105,0.4401402110193778,126,7,400,0.0628594717248783,0.12597158104188452,COMPLETE
70,0.05261654595381441,2026-06-27 21:14:34.336751,2026-06-27 21:14:34.644606,0 days 00:00:00.307855,0.13992716162625296,113,7,350,0.03428077159464042,0.1657007596206966,COMPLETE
71,0.051297994166189555,2026-06-27 21:14:34.646613,2026-06-27 21:14:34.908252,0 days 00:00:00.261639,0.9993723160177792,148,7,250,0.028797742439058055,0.2500591750121806,COMPLETE
72,0.23072186488261356,2026-06-27 21:14:34.916615,2026-06-27 21:14:35.576734,0 days 00:00:00.660119,0.8611902681067546,153,7,250,0.01874206335359399,0.0011053977603243197,COMPLETE
73,0.05165702630701481,2026-06-27 21:14:35.576734,2026-06-27 21:14:35.868400,0 days 00:00:00.291666,0.9406631998383722,147,7,300,0.04798762436672168,0.24765292679532405,COMPLETE
74,0.05271562582173572,2026-06-27 21:14:35.876411,2026-06-27 21:14:36.168812,0 days 00:00:00.292401,0.2918422702965962,137,7,100,0.008019504629700547,0.1798864149096108,COMPLETE
75,0.05465158250446506,2026-06-27 21:14:36.176407,2026-06-27 21:14:36.516890,0 days 00:00:00.340483,0.9161607404660597,177,8,250,0.01571020982689466,0.2683035956461783,COMPLETE
76,0.0527859031527083,2026-06-27 21:14:36.516890,2026-06-27 21:14:36.896658,0 days 00:00:00.379768,0.9975533690082461,186,7,350,0.08037101360296986,0.13970194381264298,COMPLETE
77,0.0510432659807061,2026-06-27 21:14:36.896658,2026-06-27 21:14:37.232675,0 days 00:00:00.336017,0.9350000406186649,127,7,300,0.02251808831274755,0.21518619880576575,COMPLETE
78,0.05425945109919546,2026-06-27 21:14:37.236713,2026-06-27 21:14:37.588625,0 days 00:00:00.351912,0.9435172397043928,126,8,300,0.023170891773225052,0.2240211216332762,COMPLETE
79,0.05179926675965615,2026-06-27 21:14:37.588625,2026-06-27 21:14:37.966545,0 days 00:00:00.377920,0.5396889009477981,119,7,400,0.01056885981970285,0.0998998749281331,COMPLETE
80,0.0547050323478386,2026-06-27 21:14:37.966545,2026-06-27 21:14:38.446758,0 days 00:00:00.480213,0.8509322007974226,144,8,350,0.044025226277608215,0.15398973498574947,COMPLETE
81,0.05160830010926004,2026-06-27 21:14:38.450766,2026-06-27 21:14:38.840609,0 days 00:00:00.389843,0.8884968411419845,98,7,300,0.030690825662925456,0.19375641717548567,COMPLETE
82,0.05179232786981447,2026-06-27 21:14:38.840609,2026-06-27 21:14:39.131716,0 days 00:00:00.291107,0.9994492743613026,159,7,150,0.037734222186848375,0.23550725188571695,COMPLETE
83,0.05259439899600987,2026-06-27 21:14:39.136627,2026-06-27 21:14:39.397014,0 days 00:00:00.260387,0.9451854932751993,162,7,250,0.054128560420030766,0.29879305373322346,COMPLETE
84,0.052814087464913395,2026-06-27 21:14:39.397014,2026-06-27 21:14:39.789804,0 days 00:00:00.392790,0.9112805865771423,65,7,450,0.02489820960032944,0.12114280048249383,COMPLETE
85,0.0528156457632329,2026-06-27 21:14:39.796765,2026-06-27 21:14:40.118196,0 days 00:00:00.321431,0.9657008198529559,149,6,200,0.014921116849315465,0.1692519523845236,COMPLETE
86,0.05339702865242489,2026-06-27 21:14:40.118196,2026-06-27 21:14:40.386743,0 days 00:00:00.268547,0.8578386740384779,194,6,250,0.018422099266383243,0.21259736174258634,COMPLETE
87,0.05233183913664212,2026-06-27 21:14:40.397182,2026-06-27 21:14:40.696830,0 days 00:00:00.299648,0.005083285065990317,167,7,300,0.07229864924388564,0.24678365622799123,COMPLETE
88,0.053107923118841806,2026-06-27 21:14:40.706568,2026-06-27 21:14:41.046773,0 days 00:00:00.340205,0.9280314734217832,154,7,350,0.03844369860803409,0.13942149573364263,COMPLETE
89,0.0530979579795009,2026-06-27 21:14:41.046773,2026-06-27 21:14:41.386515,0 days 00:00:00.339742,0.8799598297677915,110,7,200,0.11896874181940753,0.19299986165908517,COMPLETE
90,0.05526811538340136,2026-06-27 21:14:41.396655,2026-06-27 21:14:41.766550,0 days 00:00:00.369895,0.9031026446667071,137,8,250,0.22499453794342314,0.25942448394380413,COMPLETE
91,0.052022213999487296,2026-06-27 21:14:41.766550,2026-06-27 21:14:42.046592,0 days 00:00:00.280042,0.9744864032267574,178,7,250,0.028108755353707087,0.21513419112509508,COMPLETE
92,0.05264154060149142,2026-06-27 21:14:42.053921,2026-06-27 21:14:42.476382,0 days 00:00:00.422461,0.9845606087306864,165,7,300,0.023873808702821325,0.15430187873740658,COMPLETE
93,0.05055896303470999,2026-06-27 21:14:42.481231,2026-06-27 21:14:42.766444,0 days 00:00:00.285213,0.9548047801374007,185,7,150,0.013753315009367748,0.22343937891587973,COMPLETE
94,0.05218564114350519,2026-06-27 21:14:42.766444,2026-06-27 21:14:43.040232,0 days 00:00:00.273788,0.9478979047705864,185,7,150,0.008905442226691337,0.27804297112311377,COMPLETE
95,0.05229164320091521,2026-06-27 21:14:43.046355,2026-06-27 21:14:43.305614,0 days 00:00:00.259259,0.7991780731052806,175,6,100,0.012731122550080076,0.17177643593136935,COMPLETE
96,0.05306536619117223,2026-06-27 21:14:43.306618,2026-06-27 21:14:43.666743,0 days 00:00:00.360125,0.9385396654917456,190,7,400,0.006798171070384717,0.12726268752155906,COMPLETE
97,0.05166475505964387,2026-06-27 21:14:43.676411,2026-06-27 21:14:44.056366,0 days 00:00:00.379955,0.957638039542309,197,7,150,0.02155345097702517,0.10449101479883106,COMPLETE
98,0.05298172738284017,2026-06-27 21:14:44.056366,2026-06-27 21:14:44.352225,0 days 00:00:00.295859,0.9245428651500243,156,6,200,0.01622876496039838,0.2162516041356834,COMPLETE
99,0.05236176054728403,2026-06-27 21:14:44.356723,2026-06-27 21:14:44.656657,0 days 00:00:00.299934,0.877361546092613,121,7,300,0.056648072842279386,0.19029119796989735,COMPLETE
