number,value,datetime_start,datetime_complete,duration,params_colsample_bytree,params_learning_rate,params_max_depth,params_min_child_weight,params_n_estimators,params_reg_alpha,params_reg_lambda,params_subsample,state
98,0.051956139258853874,2026-06-27 21:14:23.520388,2026-06-27 21:14:25.014499,0 days 00:00:01.494111,0.603080915356549,0.006386926258581429,4,1,950,0.0017152690288707822,1.7815871699961214e-08,0.6883391899860254,COMPLETE
99,0.053052017332693935,2026-06-27 21:14:25.019009,2026-06-27 21:14:26.884826,0 days 00:00:01.865817,0.5492214926405389,0.0038903975183737136,5,1,1000,0.003433460082904888,3.0975674945575054e-08,0.6179407141543005,COMPLETE
