number,value,datetime_start,datetime_complete,duration,params_colsample_bytree,params_learning_rate,params_max_depth,params_min_child_weight,params_n_estimators,params_reg_alpha,params_reg_lambda,params_subsample,state
99,0.4126314439236773,2026-06-27 21:17:34.174805,2026-06-27 21:17:34.806578,0 days 00:00:00.631773,0.7550452287107203,0.18972977302727453,6,2,650,0.0003896256454077491,4.8393939313316925e-08,0.9107574595604828,COMPLETE
