number,value,datetime_start,datetime_complete,duration,params_bagging_temperature,params_border_count,params_depth,params_iterations,params_l2_leaf_reg,params_learning_rate,state
0,0.5339987351606889,2026-06-26 21:33:58.531542,2026-06-26 21:33:59.331310,0 days 00:00:00.799768,0.7640647654733821,199,4,650,3.87994865990984,0.11079125245824298,COMPLETE
1,1.4247259896048567,2026-06-26 21:33:59.335511,2026-06-26 21:34:01.644507,0 days 00:00:02.308996,0.12016113722532895,210,8,950,0.005625641343227019,0.005993616627229792,COMPLETE
2,1.0124014122649223,2026-06-26 21:34:01.649833,2026-06-26 21:34:02.181834,0 days 00:00:00.532001,0.10556820889054541,68,7,250,0.05318552756355885,0.05729021225493494,COMPLETE
3,2.148870812154578,2026-06-26 21:34:02.186745,2026-06-26 21:34:05.230490,0 days 00:00:03.043745,0.4921613944600288,161,10,700,4.267989304746428,0.009278917096545696,COMPLETE
4,1.3964808942307447,2026-06-26 21:34:05.235635,2026-06-26 21:34:06.298922,0 days 00:00:01.063287,0.014036773502106636,250,8,750,0.008537941659313222,0.267361551040428,COMPLETE
5,0.7393812446540637,2026-06-26 21:34:06.303175,2026-06-26 21:34:07.279450,0 days 00:00:00.976275,0.7433398324376509,71,6,650,0.0024194094292278577,0.03415255625713301,COMPLETE
6,1.3750404816850612,2026-06-26 21:34:07.284288,2026-06-26 21:34:09.544793,0 days 00:00:02.260505,0.7041109354234591,250,9,850,0.061475938705462,0.15141579353267054,COMPLETE
7,2.4809715432576134,2026-06-26 21:34:09.548549,2026-06-26 21:34:10.182973,0 days 00:00:00.634424,0.8969751551866038,145,8,250,1.781328172941496,0.015189219378703033,COMPLETE
8,0.8692250850622847,2026-06-26 21:34:10.186907,2026-06-26 21:34:10.665111,0 days 00:00:00.478204,0.45046158521293456,102,4,450,0.2199917477632579,0.02549374904021888,COMPLETE
9,6.5507120796042,2026-06-26 21:34:10.670143,2026-06-26 21:34:11.385274,0 days 00:00:00.715131,0.5462649273079211,182,8,300,0.31966304298299975,0.00349445161734421,COMPLETE
10,12.854010562460218,2026-06-26 21:34:11.389235,2026-06-26 21:34:11.565191,0 days 00:00:00.175956,0.25514513734207733,114,4,100,0.001115399222674608,0.0013436513674415784,COMPLETE
11,0.8008565862857455,2026-06-26 21:34:11.569257,2026-06-26 21:34:12.401120,0 days 00:00:00.831863,0.9258432968075384,47,6,550,0.7616080755798088,0.06440768783523793,COMPLETE
12,0.8332087433679435,2026-06-26 21:34:12.405453,2026-06-26 21:34:13.115285,0 days 00:00:00.709832,0.7325555324881979,34,5,600,8.71897367003943,0.05517321815065306,COMPLETE
13,0.8432287477773969,2026-06-26 21:34:13.120197,2026-06-26 21:34:13.865851,0 days 00:00:00.745654,0.7400845073847354,92,6,500,0.0010662021400910458,0.1063810198877973,COMPLETE
14,0.7169601877925702,2026-06-26 21:34:13.870886,2026-06-26 21:34:14.733300,0 days 00:00:00.862414,0.9956507852400814,210,5,700,0.017392862988396696,0.025460007691056517,COMPLETE
15,0.6898693757244901,2026-06-26 21:34:14.736980,2026-06-26 21:34:15.457985,0 days 00:00:00.721005,0.9791243046905665,211,5,800,0.028286467583644677,0.2225504049748288,COMPLETE
16,0.7090955386183215,2026-06-26 21:34:15.473890,2026-06-26 21:34:16.183808,0 days 00:00:00.709918,0.8602459721785788,209,5,1000,0.05855481054287835,0.23970371105333135,COMPLETE
17,0.35072405183752664,2026-06-26 21:34:16.189253,2026-06-26 21:34:16.942895,0 days 00:00:00.753642,0.6056361078816328,188,4,850,0.2485007111170979,0.1111706912526011,COMPLETE
18,0.48363489828252176,2026-06-26 21:34:16.946916,2026-06-26 21:34:17.722582,0 days 00:00:00.775666,0.5969235678196682,174,4,900,1.4198111656927817,0.10593221226186132,COMPLETE
19,0.4870356971474178,2026-06-26 21:34:17.727703,2026-06-26 21:34:18.534057,0 days 00:00:00.806354,0.5872975178321959,137,4,900,0.25970316023246476,0.08408536485942711,COMPLETE
20,0.40816382027640136,2026-06-26 21:34:18.538377,2026-06-26 21:34:19.375680,0 days 00:00:00.837303,0.4050352853716561,175,4,1000,0.8771825754192941,0.15170382293485246,COMPLETE
21,0.3933814535667047,2026-06-26 21:34:19.379935,2026-06-26 21:34:20.269693,0 days 00:00:00.889758,0.3702668663874323,174,4,1000,1.2631281898576745,0.1599864190186511,COMPLETE
22,0.7201857383986503,2026-06-26 21:34:20.280307,2026-06-26 21:34:21.310565,0 days 00:00:01.030258,0.3548858917242214,146,5,1000,0.5814586635650095,0.16435704828713232,COMPLETE
23,0.5691082850054221,2026-06-26 21:34:21.315255,2026-06-26 21:34:22.144376,0 days 00:00:00.829121,0.3774509913463762,185,4,850,0.1651738369786741,0.03959357369047659,COMPLETE
24,0.6468068178423004,2026-06-26 21:34:22.149876,2026-06-26 21:34:23.137880,0 days 00:00:00.988004,0.29229425122018515,233,5,1000,0.975501928559244,0.1643253314505681,COMPLETE
25,0.5177945372191716,2026-06-26 21:34:23.143203,2026-06-26 21:34:23.857940,0 days 00:00:00.714737,0.41625485420834496,165,4,900,3.2072853401629264,0.2981954541823167,COMPLETE
26,0.8337988552069406,2026-06-26 21:34:23.862192,2026-06-26 21:34:24.916661,0 days 00:00:01.054469,0.21608747513943402,128,6,800,0.11288328430493948,0.14946504942918687,COMPLETE
27,0.634137886806702,2026-06-26 21:34:24.921757,2026-06-26 21:34:25.658945,0 days 00:00:00.737188,0.6483943000817824,229,4,950,0.5438648869994451,0.07725909438048557,COMPLETE
28,0.8792226482606713,2026-06-26 21:34:25.663106,2026-06-26 21:34:26.618565,0 days 00:00:00.955459,0.3350573765959475,158,5,800,9.494203744395469,0.04268952959688586,COMPLETE
29,0.5268318221381736,2026-06-26 21:34:26.622954,2026-06-26 21:34:27.543453,0 days 00:00:00.920499,0.5317754749517127,192,4,950,3.3177414049587024,0.09576748654112653,COMPLETE
30,0.4199792768744586,2026-06-26 21:34:27.547463,2026-06-26 21:34:28.346141,0 days 00:00:00.798678,0.46041266649934975,227,4,850,0.3923488822978607,0.1370634218448014,COMPLETE
31,0.36486932405447553,2026-06-26 21:34:28.349877,2026-06-26 21:34:29.128401,0 days 00:00:00.778524,0.4774968441167677,224,4,850,0.4629278820936265,0.14492552419824087,COMPLETE
32,0.4725817751415417,2026-06-26 21:34:29.133667,2026-06-26 21:34:30.036157,0 days 00:00:00.902490,0.1916951534096464,196,4,1000,1.5799050192499193,0.186214683101907,COMPLETE
33,0.61797783555739,2026-06-26 21:34:30.041073,2026-06-26 21:34:30.953173,0 days 00:00:00.912100,0.6450909006849596,174,5,900,0.12724434227036732,0.07268923751536596,COMPLETE
34,0.46296786626760217,2026-06-26 21:34:30.958256,2026-06-26 21:34:31.650654,0 days 00:00:00.692398,0.40662674707345114,217,4,750,1.0455725009854595,0.12010182590917744,COMPLETE
35,0.725399439802268,2026-06-26 21:34:31.655981,2026-06-26 21:34:32.584336,0 days 00:00:00.928355,0.48652787901959627,191,5,950,2.291194417457311,0.29924314250723394,COMPLETE
36,0.5333771831080518,2026-06-26 21:34:32.589277,2026-06-26 21:34:33.334876,0 days 00:00:00.745599,0.8100111576898814,240,4,750,0.09750067450512995,0.05119494999613615,COMPLETE
37,0.8467980703232392,2026-06-26 21:34:33.338424,2026-06-26 21:34:34.262745,0 days 00:00:00.924321,0.32207118707172205,157,7,700,0.5029887280055061,0.19718299972801,COMPLETE
38,0.6325648780058882,2026-06-26 21:34:34.266730,2026-06-26 21:34:35.241104,0 days 00:00:00.974374,0.5175334481327272,202,5,850,5.385462014694351,0.12118310640873463,COMPLETE
39,1.4738231733437217,2026-06-26 21:34:35.245316,2026-06-26 21:34:40.854401,0 days 00:00:05.609085,0.12704369424771336,172,10,950,0.7994312211287387,0.028100200768101477,COMPLETE
40,0.5127989569175542,2026-06-26 21:34:40.858976,2026-06-26 21:34:41.592110,0 days 00:00:00.733134,0.6512246462958667,252,4,800,0.20175387754445542,0.08634166561232438,COMPLETE
41,0.4716186839546622,2026-06-26 21:34:41.596447,2026-06-26 21:34:42.381549,0 days 00:00:00.785102,0.4497092291603333,225,4,850,0.3863020685523068,0.14457930247452486,COMPLETE
42,0.4406877657888345,2026-06-26 21:34:42.385502,2026-06-26 21:34:43.026153,0 days 00:00:00.640651,0.4748265771838259,239,4,900,0.4313455032576448,0.2117175114027673,COMPLETE
43,0.3812544471397474,2026-06-26 21:34:43.031597,2026-06-26 21:34:43.744866,0 days 00:00:00.713269,0.5783853751601336,220,4,700,0.2692073975654455,0.14585486392472377,COMPLETE
44,1.1027182024868607,2026-06-26 21:34:43.750234,2026-06-26 21:34:46.364897,0 days 00:00:02.614663,0.5778744606930517,201,9,650,1.2195007114069345,0.0658107942762423,COMPLETE
45,1.6521341229954203,2026-06-26 21:34:46.369718,2026-06-26 21:34:47.067253,0 days 00:00:00.697535,0.4058688126817869,184,4,650,0.28940180836547597,0.0060664626255931935,COMPLETE
46,8.611871697976843,2026-06-26 21:34:47.070640,2026-06-26 21:34:47.812092,0 days 00:00:00.741452,0.6783887891802746,149,5,600,0.09176657343856466,0.0010620869481855375,COMPLETE
47,1.1672803325576775,2026-06-26 21:34:47.816682,2026-06-26 21:34:48.384975,0 days 00:00:00.568293,0.5436766067117179,215,6,350,0.03787188274300931,0.016519228475647012,COMPLETE
48,0.4391554260257486,2026-06-26 21:34:48.388635,2026-06-26 21:34:49.098724,0 days 00:00:00.710089,0.6108307793240038,180,4,750,2.156414457147967,0.23224628109767118,COMPLETE
49,0.6516031556666431,2026-06-26 21:34:49.103534,2026-06-26 21:34:49.844676,0 days 00:00:00.741142,0.5067383802245409,220,5,700,0.7162875531799673,0.10535546816823135,COMPLETE
50,0.6299378898331326,2026-06-27 21:17:35.095815,2026-06-27 21:17:35.734950,0 days 00:00:00.639135,0.27713002530781683,243,4,450,0.1732956283115326,0.047905165079471936,COMPLETE
51,0.7661590077866308,2026-06-27 21:17:35.749108,2026-06-27 21:17:35.914723,0 days 00:00:00.165615,0.45488787817937043,203,4,100,0.36307609947396285,0.12605061035030024,COMPLETE
52,0.4434005654593035,2026-06-27 21:17:35.924643,2026-06-27 21:17:36.644920,0 days 00:00:00.720277,0.4218522693982022,224,4,850,0.28973270618215385,0.13877061175733724,COMPLETE
53,0.4706848223961039,2026-06-27 21:17:36.654700,2026-06-27 21:17:37.324714,0 days 00:00:00.670014,0.3717372884258327,166,4,950,0.6810908882352622,0.1808947467932558,COMPLETE
54,0.6629828203476684,2026-06-27 21:17:37.324714,2026-06-27 21:17:38.130450,0 days 00:00:00.805736,0.5479028025426357,234,5,1000,0.14979091368088823,0.09604298295158678,COMPLETE
55,0.539403668606812,2026-06-27 21:17:38.134807,2026-06-27 21:17:38.814823,0 days 00:00:00.680016,0.7766969247159374,255,4,850,0.08156675245693659,0.06194400276288981,COMPLETE
56,0.7287806215096138,2026-06-27 21:17:38.824929,2026-06-27 21:17:39.409212,0 days 00:00:00.584283,0.5710870164424875,208,5,900,0.24557709332609973,0.24342159074076128,COMPLETE
57,0.37603986267311135,2026-06-27 21:17:39.414563,2026-06-27 21:17:40.024489,0 days 00:00:00.609926,0.4456923647187171,190,4,600,0.9308185429635872,0.15337284336643775,COMPLETE
58,7.494692472616984,2026-06-27 21:17:40.024489,2026-06-27 21:17:40.584717,0 days 00:00:00.560228,0.3006310313553595,132,4,550,5.640891070140491,0.00216032568216945,COMPLETE
59,0.7878222509131053,2026-06-27 21:17:40.584717,2026-06-27 21:17:41.194738,0 days 00:00:00.610021,0.48635297331575644,189,5,550,0.9802636158233358,0.17377856428739238,COMPLETE
60,0.5992396300070526,2026-06-27 21:17:41.194738,2026-06-27 21:17:41.904759,0 days 00:00:00.710021,0.7040009811467338,174,4,750,1.8858685025640705,0.08234645602125205,COMPLETE
61,0.44274407931360515,2026-06-27 21:17:41.914588,2026-06-27 21:17:42.506423,0 days 00:00:00.591835,0.4427780069555795,199,4,600,0.4178045742300748,0.1375169273215426,COMPLETE
62,0.46360858551968603,2026-06-27 21:17:42.506423,2026-06-27 21:17:43.204696,0 days 00:00:00.698273,0.62310208499197,180,4,800,0.5993323900429265,0.11410484563652913,COMPLETE
63,0.3733874698926195,2026-06-27 21:17:43.204696,2026-06-27 21:17:44.054789,0 days 00:00:00.850093,0.38730003083455894,216,4,950,0.005003884466511558,0.15937999994313876,COMPLETE
64,0.5491030627570215,2026-06-27 21:17:44.062215,2026-06-27 21:17:44.514870,0 days 00:00:00.452655,0.3790963748853085,216,4,1000,0.0018571084341940597,0.2551674687828602,COMPLETE
65,0.4757978322568307,2026-06-27 21:17:44.514870,2026-06-27 21:17:45.165661,0 days 00:00:00.650791,0.246070304096507,207,4,950,0.007463199763041111,0.16444815533606474,COMPLETE
66,0.6494871072752022,2026-06-27 21:17:45.174460,2026-06-27 21:17:45.970174,0 days 00:00:00.795714,0.3845842545974442,191,5,1000,0.0035104995168688605,0.19800202142707088,COMPLETE
67,0.455372460209841,2026-06-27 21:17:45.974682,2026-06-27 21:17:46.697599,0 days 00:00:00.722917,0.5118586001066328,166,4,900,0.009970783111830556,0.09592883666273323,COMPLETE
68,0.6676699319173028,2026-06-27 21:17:46.697599,2026-06-27 21:17:47.224805,0 days 00:00:00.527206,0.33471064219431934,153,5,500,0.027795997560372727,0.2138910044064153,COMPLETE
69,0.450722552726726,2026-06-27 21:17:47.233503,2026-06-27 21:17:48.067239,0 days 00:00:00.833736,0.3458666453326296,82,4,950,2.6933390557696795,0.1644285474848357,COMPLETE
70,0.5803567168830849,2026-06-27 21:17:48.074845,2026-06-27 21:17:48.786718,0 days 00:00:00.711873,0.5569684643389798,197,4,1000,1.2429635912296442,0.27112958494157235,COMPLETE
71,0.454303804523925,2026-06-27 21:17:48.786718,2026-06-27 21:17:49.524477,0 days 00:00:00.737759,0.46832720029742125,228,4,850,0.8460562785004857,0.12436800275835212,COMPLETE
72,0.34460201096645005,2026-06-27 21:17:49.524477,2026-06-27 21:17:50.288978,0 days 00:00:00.764501,0.4318438130104922,243,4,800,1.6054696725053808,0.1452067799405552,COMPLETE
73,0.45746790711234403,2026-06-27 21:17:50.294690,2026-06-27 21:17:50.950654,0 days 00:00:00.655964,0.41737142537810434,248,4,700,1.333611786345,0.1090837238641898,COMPLETE
74,0.5669210941785086,2026-06-27 21:17:50.954511,2026-06-27 21:17:51.717204,0 days 00:00:00.762693,0.010887749088927756,234,4,800,3.8223393850959075,0.06963639013560431,COMPLETE
75,0.3660204996068167,2026-06-27 21:17:51.717204,2026-06-27 21:17:52.489004,0 days 00:00:00.771800,0.313140531646886,246,4,900,1.648794222414631,0.14497953518946216,COMPLETE
76,0.5012091086894085,2026-06-27 21:17:52.494451,2026-06-27 21:17:53.334380,0 days 00:00:00.839929,0.3664973605009256,245,4,900,1.7691615337027993,0.08548405720713112,COMPLETE
77,0.6101429181915823,2026-06-27 21:17:53.334380,2026-06-27 21:17:54.154524,0 days 00:00:00.820144,0.15941310231076256,237,5,700,5.745500774747718,0.15242896849833254,COMPLETE
78,0.428862943250145,2026-06-27 21:17:54.156265,2026-06-27 21:17:54.954735,0 days 00:00:00.798470,0.26495093663603575,219,4,850,0.5495695799963461,0.19582016067804606,COMPLETE
79,0.501434001706922,2026-06-27 21:17:54.964579,2026-06-27 21:17:55.714498,0 days 00:00:00.749919,0.22435263426768493,223,4,800,2.3443556673860173,0.12197115648954317,COMPLETE
80,0.677365533540818,2026-06-27 21:17:55.714498,2026-06-27 21:17:56.437936,0 days 00:00:00.723438,0.30991470492234025,248,5,650,2.7948417359917546,0.10508779813048758,COMPLETE
81,0.35180702407838227,2026-06-27 21:17:56.446710,2026-06-27 21:17:57.224733,0 days 00:00:00.778023,0.4322148721703047,231,4,900,1.1186219820307164,0.15049685299963178,COMPLETE
82,0.3601304651048001,2026-06-27 21:17:57.224733,2026-06-27 21:17:58.055187,0 days 00:00:00.830454,0.43054647594639556,212,4,900,1.413008281030716,0.14487665442456468,COMPLETE
83,0.5303818160543284,2026-06-27 21:17:58.060663,2026-06-27 21:17:58.854390,0 days 00:00:00.793727,0.4331234766825529,230,4,900,1.6000370918901894,0.1393767416437222,COMPLETE
84,0.48758204731065413,2026-06-27 21:17:58.861891,2026-06-27 21:17:59.546225,0 days 00:00:00.684334,0.5023156955348851,214,4,750,0.9792824673876344,0.18222710275751497,COMPLETE
85,0.4477220868405321,2026-06-27 21:17:59.546225,2026-06-27 21:18:00.309564,0 days 00:00:00.763339,0.3967638051661787,210,4,900,0.017017748253751814,0.09314268922388289,COMPLETE
86,1.2920434421505549,2026-06-27 21:18:00.314670,2026-06-27 21:18:02.816236,0 days 00:00:02.501566,0.5234702578752514,241,9,800,4.132068285206136,0.22137356259697588,COMPLETE
87,0.3750304673866859,2026-06-27 21:18:02.819240,2026-06-27 21:18:03.654500,0 days 00:00:00.835260,0.43593462099302965,222,4,850,0.7263712627488893,0.13060134868009018,COMPLETE
88,0.44232498350684785,2026-06-27 21:18:03.656008,2026-06-27 21:18:04.434525,0 days 00:00:00.778517,0.44526131694187904,238,4,850,1.2470318049191644,0.12825690067072665,COMPLETE
89,0.6131498673448693,2026-06-27 21:18:04.444443,2026-06-27 21:18:05.281669,0 days 00:00:00.837226,0.48022965385035943,205,4,900,1.9506584097489725,0.07761445146174589,COMPLETE
90,0.5309631184195343,2026-06-27 21:18:05.284179,2026-06-27 21:18:06.384498,0 days 00:00:01.100319,0.05606613578979763,228,5,950,0.748242007470598,0.05606029570545624,COMPLETE
91,0.3883955718825536,2026-06-27 21:18:06.394365,2026-06-27 21:18:07.105258,0 days 00:00:00.710893,0.42799993457130203,223,4,850,0.5016708265410589,0.1551312624053309,COMPLETE
92,0.3724434076500308,2026-06-27 21:18:07.105258,2026-06-27 21:18:07.864169,0 days 00:00:00.758911,0.6085969107520954,214,4,800,0.20337301264602484,0.10353135587423798,COMPLETE
93,0.3845981324945899,2026-06-27 21:18:07.864169,2026-06-27 21:18:08.626492,0 days 00:00:00.762323,0.3528339028446793,212,4,800,1.0702904670171451,0.10649381435250706,COMPLETE
94,0.5079592988928292,2026-06-27 21:18:08.629998,2026-06-27 21:18:09.014395,0 days 00:00:00.384397,0.6099106314559345,231,4,350,0.20507369478303433,0.17592982421685305,COMPLETE
95,0.45239978260966485,2026-06-27 21:18:09.024327,2026-06-27 21:18:09.824253,0 days 00:00:00.799926,0.3158438006494817,255,4,950,1.5097246834294757,0.09626016736015168,COMPLETE
96,0.45262379652830986,2026-06-27 21:18:09.824253,2026-06-27 21:18:10.514521,0 days 00:00:00.690268,0.3956216121603346,195,4,750,0.6291004112344876,0.11807079365757893,COMPLETE
97,0.48308998976369566,2026-06-27 21:18:10.524455,2026-06-27 21:18:11.199033,0 days 00:00:00.674578,0.6744988858624823,246,4,900,0.4861427151121617,0.1388380306469191,COMPLETE
98,0.8810500269728603,2026-06-27 21:18:11.204558,2026-06-27 21:18:11.994135,0 days 00:00:00.789577,0.46736585363986805,186,7,850,0.31662373637659763,0.21660629796282313,COMPLETE
99,0.6508728605141672,2026-06-27 21:18:11.995373,2026-06-27 21:18:12.979334,0 days 00:00:00.983961,0.2832825925821563,234,5,900,0.7596944370650371,0.08853701464016653,COMPLETE
